--- BrainCLIP Supercharged ---
Loss: vicreg | TTA: 5 | Curriculum: True
Dataset Successfully Loaded.
  - Found 126 fMRI and 126 DTI files.
  - Established 126 valid pairs.
Dataset Successfully Loaded.
  - Found 32 fMRI and 32 DTI files.
  - Established 32 valid pairs.
Traceback (most recent call last):
  File "/home/emanuele/Desktop/brainSweep/.venv/lib/python3.12/site-packages/wandb/sdk/wandb_config.py", line 165, in __getattr__
    return self.__getitem__(key)
           ^^^^^^^^^^^^^^^^^^^^^
  File "/home/emanuele/Desktop/brainSweep/.venv/lib/python3.12/site-packages/wandb/sdk/wandb_config.py", line 130, in __getitem__
    return self._items[key]
           ~~~~~~~~~~~^^^^^
KeyError: 'vicreg_lambda'

The above exception was the direct cause of the following exception:

Traceback (most recent call last):
  File "/home/emanuele/Desktop/brainSweep/train.py", line 256, in <module>
    main()
  File "/home/emanuele/Desktop/brainSweep/train.py", line 183, in main
    loss_main = vicreg_loss(f_glob, d_glob, cfg.vicreg_lambda, cfg.vicreg_mu, cfg.vicreg_nu)
                                            ^^^^^^^^^^^^^^^^^
  File "/home/emanuele/Desktop/brainSweep/.venv/lib/python3.12/site-packages/wandb/sdk/wandb_config.py", line 167, in __getattr__
    raise AttributeError(
AttributeError: <class 'wandb.sdk.wandb_config.Config'> object has no attribute 'vicreg_lambda'
